<?xml version="1.0" encoding="UTF-8"?>
<testng-results ignored="0" total="2" passed="2" failed="0" skipped="0">
  <reporter-output>
  </reporter-output>
  <suite started-at="2024-01-15T18:43:40 IST" name="Default suite" finished-at="2024-01-15T18:43:40 IST" duration-ms="59">
    <groups>
    </groups>
    <test started-at="2024-01-15T18:43:40 IST" name="Default test" finished-at="2024-01-15T18:43:40 IST" duration-ms="59">
      <class name="com.testng.UnitTestingTestNG">
        <test-method is-config="true" signature="before()[pri:0, instance:com.testng.UnitTestingTestNG@a3d8174]" started-at="2024-01-15T18:43:40 IST" name="before" finished-at="2024-01-15T18:43:40 IST" duration-ms="9" status="PASS">
          <reporter-output>
          </reporter-output>
        </test-method> <!-- before -->
        <test-method is-config="true" signature="beforeClass()[pri:0, instance:com.testng.UnitTestingTestNG@a3d8174]" started-at="2024-01-15T18:43:40 IST" name="beforeClass" finished-at="2024-01-15T18:43:40 IST" duration-ms="0" status="PASS">
          <reporter-output>
          </reporter-output>
        </test-method> <!-- beforeClass -->
        <test-method signature="test1()[pri:0, instance:com.testng.UnitTestingTestNG@a3d8174]" started-at="2024-01-15T18:43:40 IST" name="test1" finished-at="2024-01-15T18:43:40 IST" duration-ms="6" status="PASS">
          <reporter-output>
          </reporter-output>
        </test-method> <!-- test1 -->
        <test-method signature="test2()[pri:0, instance:com.testng.UnitTestingTestNG@a3d8174]" started-at="2024-01-15T18:43:40 IST" name="test2" finished-at="2024-01-15T18:43:40 IST" duration-ms="1" status="PASS">
          <reporter-output>
          </reporter-output>
        </test-method> <!-- test2 -->
        <test-method is-config="true" signature="afterClass()[pri:0, instance:com.testng.UnitTestingTestNG@a3d8174]" started-at="2024-01-15T18:43:40 IST" name="afterClass" finished-at="2024-01-15T18:43:40 IST" duration-ms="0" status="PASS">
          <reporter-output>
          </reporter-output>
        </test-method> <!-- afterClass -->
        <test-method is-config="true" signature="after()[pri:0, instance:com.testng.UnitTestingTestNG@a3d8174]" started-at="2024-01-15T18:43:40 IST" name="after" finished-at="2024-01-15T18:43:40 IST" duration-ms="0" status="PASS">
          <reporter-output>
          </reporter-output>
        </test-method> <!-- after -->
      </class> <!-- com.testng.UnitTestingTestNG -->
    </test> <!-- Default test -->
  </suite> <!-- Default suite -->
</testng-results>
