<?xml version="1.0" encoding="UTF-8"?>
<!-- Generated by org.testng.reporters.JUnitXMLReporter -->
<testsuite ignored="0" hostname="LAPTOP-4UU3SGMU" failures="0" tests="3" name="Test" time="0.06" errors="0" timestamp="2024-01-19T23:04:13 IST">
  <testcase classname="com.testng.UnitTestingTestNG" name="test1" time="0.005"/>
  <testcase classname="com.testng.UnitTestingTestNG" name="test2" time="0.001"/>
  <testcase classname="com.testng1.B" name="method" time="0.001"/>
</testsuite> <!-- Test -->
